[2021-10-03T09:48:33.647] [INFO] logInfo - :/
[2021-10-03T09:48:41.753] [INFO] logInfo - :/api
[2021-10-03T09:48:44.874] [INFO] logInfo - :/api/test
[2021-10-03T10:06:31.098] [INFO] logInfo - :/api/
[2021-10-03T10:06:35.569] [INFO] logInfo - :/api/
[2021-10-03T10:13:19.053] [INFO] logInfo - :/api/
[2021-10-03T10:13:54.686] [INFO] logInfo - :/api/
[2021-10-03T10:16:23.427] [INFO] logInfo - :/api/
[2021-10-03T10:16:24.245] [INFO] logInfo - :/api/
[2021-10-03T10:16:24.792] [INFO] logInfo - :/api/
[2021-10-03T10:16:24.938] [INFO] logInfo - :/api/
[2021-10-03T10:16:25.085] [INFO] logInfo - :/api/
[2021-10-03T10:16:27.051] [INFO] logInfo - :/api/
[2021-10-03T17:20:42.926] [INFO] logInfo - :/
[2021-10-03T17:23:55.734] [INFO] logInfo - :/
[2021-10-03T18:11:13.468] [INFO] logInfo - :/sockettest
[2021-10-04T22:05:17.854] [INFO] logInfo - :/api/clearCanvas
[2021-10-04T22:05:21.023] [INFO] logInfo - :/api/clearCanvas
[2021-10-04T22:05:56.081] [INFO] logInfo - :/api/clearCanvas
[2021-10-04T22:06:52.992] [INFO] logInfo - :/api/clearCanvas
[2021-10-04T22:06:55.662] [INFO] logInfo - :/api/clearCanvas
[2021-10-04T22:07:01.678] [INFO] logInfo - :/api/clearCanvas
[2021-10-04T22:07:44.623] [INFO] logInfo - :/api/clearCanvas
[2021-10-04T22:07:49.672] [INFO] logInfo - :/api/clearCanvas
[2021-10-04T22:07:55.767] [INFO] logInfo - :/api/clearCanvas
[2021-10-04T22:07:58.508] [INFO] logInfo - :/api/clearCanvas
[2021-10-04T22:08:12.579] [INFO] logInfo - :/api/clearCanvas
[2021-10-04T22:08:15.057] [INFO] logInfo - :/api/clearCanvas
[2021-10-04T22:08:15.266] [INFO] logInfo - :/api/clearCanvas
[2021-10-04T22:08:16.668] [INFO] logInfo - :/api/clearCanvas
[2021-10-04T22:08:17.750] [INFO] logInfo - :/api/clearCanvas
[2021-10-04T22:08:22.060] [INFO] logInfo - :/api/clearCanvas
[2021-10-04T22:08:27.311] [INFO] logInfo - :/api/clearCanvas
[2021-10-04T22:08:35.451] [INFO] logInfo - :/api/clearCanvas
[2021-10-04T22:08:53.725] [INFO] logInfo - :/api/clearCanvas
[2021-10-04T22:09:45.650] [INFO] logInfo - :/api/clearCanvas
[2021-10-04T22:11:30.821] [INFO] logInfo - :/api/clearCanvas
[2021-10-04T22:11:53.195] [INFO] logInfo - :/api/clearCanvas
[2021-10-04T22:11:56.498] [INFO] logInfo - :/api/clearCanvas
[2021-10-04T22:12:06.630] [INFO] logInfo - :/api/clearCanvas
[2021-10-04T22:13:10.866] [INFO] logInfo - :/api/clearCanvas
[2021-10-04T22:14:16.775] [INFO] logInfo - :/api/clearCanvas
[2021-10-04T22:18:36.530] [INFO] logInfo - :/api/clearCanvas
[2021-10-04T22:18:52.157] [INFO] logInfo - :/api/clearCanvas
[2021-10-04T22:19:11.101] [INFO] logInfo - :/api/clearCanvas
[2021-10-04T22:19:27.803] [INFO] logInfo - :/api/clearCanvas
[2021-10-04T22:19:30.701] [INFO] logInfo - :/api/clearCanvas
[2021-10-04T22:21:01.145] [INFO] logInfo - :/api/clearCanvas
[2021-10-04T22:21:05.847] [INFO] logInfo - :/api/clearCanvas
[2021-10-04T22:21:08.730] [INFO] logInfo - :/api/clearCanvas
[2021-10-04T22:21:41.155] [INFO] logInfo - :/api/clearCanvas
[2021-10-04T22:21:44.745] [INFO] logInfo - :/api/clearCanvas
[2021-10-04T22:22:12.118] [INFO] logInfo - :/api/clearCanvas
[2021-10-04T22:22:23.109] [INFO] logInfo - :/api/clearCanvas
[2021-10-04T22:22:53.242] [INFO] logInfo - :/api/clearCanvas
[2021-10-04T22:22:54.074] [INFO] logInfo - :/api/clearCanvas
[2021-10-04T22:23:02.759] [INFO] logInfo - :/api/clearCanvas
[2021-10-04T22:23:35.602] [INFO] logInfo - :/api/clearCanvas
[2021-10-04T22:23:59.323] [INFO] logInfo - :/api/clearCanvas
[2021-10-04T22:24:01.689] [INFO] logInfo - :/api/clearCanvas
[2021-10-04T22:24:19.567] [INFO] logInfo - :/api/clearCanvas
[2021-10-04T22:24:22.399] [INFO] logInfo - :/api/clearCanvas
[2021-10-04T22:37:03.265] [INFO] logInfo - :/api/clearCanvas
[2021-10-04T22:37:51.459] [INFO] logInfo - :/api/clearCanvas
[2021-10-04T22:38:17.654] [INFO] logInfo - :/api/clearCanvas
[2021-10-04T22:38:37.033] [INFO] logInfo - :/api/clearCanvas
[2021-10-04T22:39:41.110] [INFO] logInfo - :/api/clearCanvas
[2021-10-04T22:39:42.709] [INFO] logInfo - :/api/clearCanvas
[2021-10-04T22:39:51.714] [INFO] logInfo - :/api/clearCanvas
[2021-10-04T22:41:43.742] [INFO] logInfo - :/api/clearCanvas
[2021-10-04T22:42:05.285] [INFO] logInfo - :/api/clearCanvas
[2021-10-04T22:42:15.609] [INFO] logInfo - :/api/clearCanvas
[2021-10-04T22:42:26.199] [INFO] logInfo - :/api/clearCanvas
[2021-10-04T22:42:52.539] [INFO] logInfo - :/api/clearCanvas
[2021-10-04T22:42:53.528] [INFO] logInfo - :/api/clearCanvas
[2021-10-04T22:43:06.536] [INFO] logInfo - :/api/clearCanvas
[2021-10-04T22:43:07.808] [INFO] logInfo - :/api/clearCanvas
[2021-10-04T22:43:27.355] [INFO] logInfo - :/api/clearCanvas
[2021-10-04T22:45:37.858] [INFO] logInfo - :/api/clearCanvas
[2021-10-04T22:46:10.358] [INFO] logInfo - :/api/clearCanvas
[2021-10-04T22:46:30.335] [INFO] logInfo - :/api/clearCanvas
[2021-10-04T22:47:01.173] [INFO] logInfo - :/api/clearCanvas
